<?xml version="1.0" encoding="UTF-8"?>
<testsuite xmlns:xsi="http://www.w3.org/2001/XMLSchema-instance" xsi:noNamespaceSchemaLocation="https://maven.apache.org/surefire/maven-surefire-plugin/xsd/surefire-test-report.xsd" name="es.upm.grise.prof2022.ex2.LanguageManipulationTest" time="0.704" tests="3" errors="0" skipped="0" failures="0">
  <properties>
[...]
</properties>
  <testcase name="testCaminoPrimerIf" classname="es.upm.grise.prof2022.ex2.LanguageManipulationTest" time="0.667"/>
  <testcase name="testCaminoSegundoIf" classname="es.upm.grise.prof2022.ex2.LanguageManipulationTest" time="0.008"/>
  <testcase name="testCaminoCatch" classname="es.upm.grise.prof2022.ex2.LanguageManipulationTest" time="0.021"/>
</testsuite>